<?xml version="1.0" encoding="UTF-8"?>
<testng-results skipped="0" failed="0" ignored="0" total="1" passed="1">
  <reporter-output>
  </reporter-output>
  <suite name="Default suite" duration-ms="17296" started-at="2018-10-31T19:45:13Z" finished-at="2018-10-31T19:45:31Z">
    <groups>
    </groups>
    <test name="Default test" duration-ms="17296" started-at="2018-10-31T19:45:13Z" finished-at="2018-10-31T19:45:31Z">
      <class name="seleniumlabs.webelements.MercuryTours">
        <test-method status="PASS" signature="bookFlight()[pri:0, instance:seleniumlabs.webelements.MercuryTours@d8355a8]" name="bookFlight" duration-ms="17263" started-at="2018-10-31T19:45:13Z" finished-at="2018-10-31T19:45:31Z">
          <reporter-output>
          </reporter-output>
        </test-method> <!-- bookFlight -->
      </class> <!-- seleniumlabs.webelements.MercuryTours -->
    </test> <!-- Default test -->
  </suite> <!-- Default suite -->
</testng-results>
